Riviera-PRO 2017.02.99.6498(Linux64) 2020-03-13 20:01:55

Elaboration top modules:
Architecture                  tb(testbench)


------------------------------------------------------------------------------------------
Entity       | Architecture | Library | Info | Compiler Version     | Compilation Options
------------------------------------------------------------------------------------------
testbench    | tb           | work    |      | 2017.02.99 (Linux64) |  -2008
clock_enable | Behavioral   | work    |      | 2017.02.99 (Linux64) |  -2008
------------------------------------------------------------------------------------------

------------------------------------------------------------------------------------------
VHDL Package                | Library | Info | Compiler Version     | Compilation Options
------------------------------------------------------------------------------------------
standard                    | std     |      |                      | <unavailable>
TEXTIO                      | std     |      | 2017.02.99 (Linux64) |  -2008
std_logic_1164              | ieee    |      | 2017.02.99 (Linux64) |  -2008
std_logic_arith             | ieee    |      | 2017.02.99 (Linux64) | <unavailable>
STD_LOGIC_UNSIGNED          | ieee    |      | 2017.02.99 (Linux64) | <unavailable>
------------------------------------------------------------------------------------------

------------------------------------------------------------------------------------------
Library                     | Comment
------------------------------------------------------------------------------------------
ieee                        | Standard IEEE packages library
std                         | Standard VHDL library
work                        | None
------------------------------------------------------------------------------------------


Simulation Options: asim testbench

License to run VHDL performance optimized simulation unavailable.

The performance of simulation is reduced. Version EDU Edition
